#-----------------------------------------------------------
# Vivado v2022.2 (64-bit)
# SW Build 3671981 on Fri Oct 14 04:59:54 MDT 2022
# IP Build 3669848 on Fri Oct 14 08:30:02 MDT 2022
# Start of session at: Thu Jan 18 11:14:42 2024
# Process ID: 149878
# Current directory: /home/t/Desktop/simon_project/simon_cipher/sim/xsim/run
# Command line: vivado -mode batch -source run.tcl
# Log file: /home/t/Desktop/simon_project/simon_cipher/sim/xsim/run/vivado.log
# Journal file: /home/t/Desktop/simon_project/simon_cipher/sim/xsim/run/vivado.jou
# Running On: t-Precision-5530, OS: Linux, CPU Frequency: 2600.000 MHz, CPU Physical cores: 6, Host memory: 16405 MB
#-----------------------------------------------------------
source run.tcl
# exec xvlog -sv -f simon_comple_list.f -L uvm -define NO_OF_TRANSACTIONS=2000 ;
ERROR: [XSIM 43-3341] Unable to open command file "simon_comple_list.f".
child process exited abnormally
    while executing
"exec xvlog -sv -f simon_comple_list.f -L uvm -define NO_OF_TRANSACTIONS=2000 "
    (file "run.tcl" line 1)
INFO: [Common 17-206] Exiting Vivado at Thu Jan 18 11:14:46 2024...
